2024.07.28 23:56:31 INFO  Started: Metals version 1.3.4 in folders 'C:\Users\Acer\Desktop\ScLS06' for client Visual Studio Code 1.91.1.
SLF4J(W): Class path contains multiple SLF4J providers.
SLF4J(W): Found provider [scribe.slf4j.ScribeServiceProvider@2e4ea8aa]
SLF4J(W): Found provider [ch.qos.logback.classic.spi.LogbackServiceProvider@4e81d68f]
SLF4J(W): See https://www.slf4j.org/codes.html#multiple_bindings for an explanation.
SLF4J(I): Actual provider is of type [scribe.slf4j.ScribeServiceProvider@2e4ea8aa]
2024.07.28 23:56:33 WARN  Flyway upgrade recommended: H2 2.3.230 is newer than this version of Flyway and support has not been tested. The latest supported version of H2 is 2.2.220.
Jul 28, 2024 11:56:35 PM org.eclipse.lsp4j.jsonrpc.RemoteEndpoint handleCancellation
WARNING: Unmatched cancel notification for request id 1
2024.07.28 23:56:35 INFO  no build target found for C:\Users\Acer\Desktop\ScLS06\1.scala. Using presentation compiler with project's scala-library version: 3.3.3
2024.07.28 23:56:38 INFO  Running List(C:\Users\Acer\AppData\Local\Coursier\data\bin\scala-cli.BAT, setup-ide, C:\Users\Acer\Desktop\ScLS06)
2024.07.28 23:56:38 INFO  Attempting to connect to the build server...
2024.07.28 23:56:38 INFO  Running BSP server List(C:\Users\Acer\AppData\Local\Coursier\data\bin\.scala-cli.aux.exe, bsp, --json-options, C:\Users\Acer\Desktop\ScLS06\.scala-build\ide-options-v2.json, --json-launcher-options, C:\Users\Acer\Desktop\ScLS06\.scala-build\ide-launcher-options.json, --envs-file, C:\Users\Acer\Desktop\ScLS06\.scala-build\ide-envs.json, C:\Users\Acer\Desktop\ScLS06)
2024.07.28 23:56:38 INFO  tracing is disabled for protocol BSP, to enable tracing of incoming and outgoing JSON messages create an empty file at C:\Users\Acer\Desktop\ScLS06\.metals\bsp.trace.json or C:\Users\Acer\AppData\Local\scalameta\metals\cache\bsp.trace.json
2024.07.28 23:56:39 INFO  BSP server: Error: java.io.IOException: Cannot run program "C:\Program Files\Java\Java jdk 11\bin\java.exe" (in directory "C:\Users\Acer\Desktop\ScLS06"): CreateProcess error=2, The system cannot find the file specified
2024.07.28 23:56:39 INFO  BSP server: For more details, please see 'C:\Users\Acer\Desktop\ScLS06\.scala-build\stacktraces\1722191199-3007767435669834442.log'
2024.07.28 23:57:04 INFO  no build target found for C:\Users\Acer\Desktop\ScLS06\1.scala. Using presentation compiler with project's scala-library version: 3.3.3
2024.07.28 23:57:12 INFO  no build target found for C:\Users\Acer\Desktop\ScLS06\1.scala. Using presentation compiler with project's scala-library version: 3.3.3
2024.07.28 23:57:12 INFO  no build target found for C:\Users\Acer\Desktop\ScLS06\1.scala. Using presentation compiler with project's scala-library version: 3.3.3
2024.07.28 23:57:39 ERROR Timeout waiting for 'build/initialize' response
2024.07.28 23:57:39 WARN  Retrying connection to the build server scala-cli
2024.07.28 23:57:39 INFO  Running BSP server List(C:\Users\Acer\AppData\Local\Coursier\data\bin\.scala-cli.aux.exe, bsp, --json-options, C:\Users\Acer\Desktop\ScLS06\.scala-build\ide-options-v2.json, --json-launcher-options, C:\Users\Acer\Desktop\ScLS06\.scala-build\ide-launcher-options.json, --envs-file, C:\Users\Acer\Desktop\ScLS06\.scala-build\ide-envs.json, C:\Users\Acer\Desktop\ScLS06)
2024.07.28 23:57:39 INFO  tracing is disabled for protocol BSP, to enable tracing of incoming and outgoing JSON messages create an empty file at C:\Users\Acer\Desktop\ScLS06\.metals\bsp.trace.json or C:\Users\Acer\AppData\Local\scalameta\metals\cache\bsp.trace.json
2024.07.28 23:57:39 INFO  BSP server: Error: java.io.IOException: Cannot run program "C:\Program Files\Java\Java jdk 11\bin\java.exe" (in directory "C:\Users\Acer\Desktop\ScLS06"): CreateProcess error=2, The system cannot find the file specified
2024.07.28 23:57:39 INFO  BSP server: For more details, please see 'C:\Users\Acer\Desktop\ScLS06\.scala-build\stacktraces\1722191259-17865110279773568944.log'
2024.07.28 23:57:44 INFO  no build target found for C:\Users\Acer\Desktop\ScLS06\1.scala. Using presentation compiler with project's scala-library version: 3.3.3
2024.07.28 23:57:44 INFO  no build target found for C:\Users\Acer\Desktop\ScLS06\1.scala. Using presentation compiler with project's scala-library version: 3.3.3
2024.07.28 23:58:39 ERROR Timeout waiting for 'build/initialize' response
2024.07.28 23:58:39 WARN  Retrying connection to the build server scala-cli
2024.07.28 23:58:39 INFO  Running BSP server List(C:\Users\Acer\AppData\Local\Coursier\data\bin\.scala-cli.aux.exe, bsp, --json-options, C:\Users\Acer\Desktop\ScLS06\.scala-build\ide-options-v2.json, --json-launcher-options, C:\Users\Acer\Desktop\ScLS06\.scala-build\ide-launcher-options.json, --envs-file, C:\Users\Acer\Desktop\ScLS06\.scala-build\ide-envs.json, C:\Users\Acer\Desktop\ScLS06)
2024.07.28 23:58:39 INFO  tracing is disabled for protocol BSP, to enable tracing of incoming and outgoing JSON messages create an empty file at C:\Users\Acer\Desktop\ScLS06\.metals\bsp.trace.json or C:\Users\Acer\AppData\Local\scalameta\metals\cache\bsp.trace.json
2024.07.28 23:58:39 INFO  BSP server: Error: java.io.IOException: Cannot run program "C:\Program Files\Java\Java jdk 11\bin\java.exe" (in directory "C:\Users\Acer\Desktop\ScLS06"): CreateProcess error=2, The system cannot find the file specified
2024.07.28 23:58:39 INFO  BSP server: For more details, please see 'C:\Users\Acer\Desktop\ScLS06\.scala-build\stacktraces\1722191319-8535874202027702328.log'
2024.07.28 23:59:39 ERROR Timeout waiting for 'build/initialize' response
2024.07.28 23:59:39 WARN  Retrying connection to the build server scala-cli
2024.07.28 23:59:39 INFO  Running BSP server List(C:\Users\Acer\AppData\Local\Coursier\data\bin\.scala-cli.aux.exe, bsp, --json-options, C:\Users\Acer\Desktop\ScLS06\.scala-build\ide-options-v2.json, --json-launcher-options, C:\Users\Acer\Desktop\ScLS06\.scala-build\ide-launcher-options.json, --envs-file, C:\Users\Acer\Desktop\ScLS06\.scala-build\ide-envs.json, C:\Users\Acer\Desktop\ScLS06)
2024.07.28 23:59:39 INFO  tracing is disabled for protocol BSP, to enable tracing of incoming and outgoing JSON messages create an empty file at C:\Users\Acer\Desktop\ScLS06\.metals\bsp.trace.json or C:\Users\Acer\AppData\Local\scalameta\metals\cache\bsp.trace.json
2024.07.28 23:59:39 INFO  BSP server: Error: java.io.IOException: Cannot run program "C:\Program Files\Java\Java jdk 11\bin\java.exe" (in directory "C:\Users\Acer\Desktop\ScLS06"): CreateProcess error=2, The system cannot find the file specified
2024.07.28 23:59:39 INFO  BSP server: For more details, please see 'C:\Users\Acer\Desktop\ScLS06\.scala-build\stacktraces\1722191379-8113565654888460162.log'
2024.07.29 00:00:39 ERROR Timeout waiting for 'build/initialize' response
2024.07.29 00:00:39 WARN  Retrying connection to the build server scala-cli
2024.07.29 00:00:39 INFO  Running BSP server List(C:\Users\Acer\AppData\Local\Coursier\data\bin\.scala-cli.aux.exe, bsp, --json-options, C:\Users\Acer\Desktop\ScLS06\.scala-build\ide-options-v2.json, --json-launcher-options, C:\Users\Acer\Desktop\ScLS06\.scala-build\ide-launcher-options.json, --envs-file, C:\Users\Acer\Desktop\ScLS06\.scala-build\ide-envs.json, C:\Users\Acer\Desktop\ScLS06)
2024.07.29 00:00:39 INFO  tracing is disabled for protocol BSP, to enable tracing of incoming and outgoing JSON messages create an empty file at C:\Users\Acer\Desktop\ScLS06\.metals\bsp.trace.json or C:\Users\Acer\AppData\Local\scalameta\metals\cache\bsp.trace.json
2024.07.29 00:00:39 INFO  BSP server: Error: java.io.IOException: Cannot run program "C:\Program Files\Java\Java jdk 11\bin\java.exe" (in directory "C:\Users\Acer\Desktop\ScLS06"): CreateProcess error=2, The system cannot find the file specified
2024.07.29 00:00:39 INFO  BSP server: For more details, please see 'C:\Users\Acer\Desktop\ScLS06\.scala-build\stacktraces\1722191439-14365602422372510900.log'
2024.07.29 00:01:39 ERROR Timeout waiting for 'build/initialize' response
2024.07.29 00:01:39 WARN  Retrying connection to the build server scala-cli
2024.07.29 00:01:39 INFO  Running BSP server List(C:\Users\Acer\AppData\Local\Coursier\data\bin\.scala-cli.aux.exe, bsp, --json-options, C:\Users\Acer\Desktop\ScLS06\.scala-build\ide-options-v2.json, --json-launcher-options, C:\Users\Acer\Desktop\ScLS06\.scala-build\ide-launcher-options.json, --envs-file, C:\Users\Acer\Desktop\ScLS06\.scala-build\ide-envs.json, C:\Users\Acer\Desktop\ScLS06)
2024.07.29 00:01:39 INFO  tracing is disabled for protocol BSP, to enable tracing of incoming and outgoing JSON messages create an empty file at C:\Users\Acer\Desktop\ScLS06\.metals\bsp.trace.json or C:\Users\Acer\AppData\Local\scalameta\metals\cache\bsp.trace.json
2024.07.29 00:01:39 INFO  BSP server: Error: java.io.IOException: Cannot run program "C:\Program Files\Java\Java jdk 11\bin\java.exe" (in directory "C:\Users\Acer\Desktop\ScLS06"): CreateProcess error=2, The system cannot find the file specified
2024.07.29 00:01:39 INFO  BSP server: For more details, please see 'C:\Users\Acer\Desktop\ScLS06\.scala-build\stacktraces\1722191499-17065379783480051274.log'
2024.07.29 00:02:39 ERROR Timeout waiting for 'build/initialize' response
2024.07.29 00:02:39 ERROR Failed to connect with build server, no functionality will work.
java.util.concurrent.TimeoutException
	at java.util.concurrent.CompletableFuture.timedGet(CompletableFuture.java:1960)
	at java.util.concurrent.CompletableFuture.get(CompletableFuture.java:2095)
	at scala.meta.internal.metals.BuildServerConnection$.initialize(BuildServerConnection.scala:739)
	at scala.meta.internal.metals.BuildServerConnection$.$anonfun$fromSockets$1(BuildServerConnection.scala:615)
	at scala.concurrent.impl.Promise$Transformation.run(Promise.scala:467)
	at java.util.concurrent.ThreadPoolExecutor.runWorker(ThreadPoolExecutor.java:1136)
	at java.util.concurrent.ThreadPoolExecutor$Worker.run(ThreadPoolExecutor.java:635)
	at java.lang.Thread.run(Thread.java:833)

2024.07.29 00:02:39 INFO  no build target found for C:\Users\Acer\Desktop\ScLS06\1.scala. Using presentation compiler with project's scala-library version: 3.3.3
2024.07.29 00:03:39 INFO  no build target found for C:\Users\Acer\Desktop\ScLS06\1.scala. Using presentation compiler with project's scala-library version: 3.3.3
2024.07.29 00:25:06 INFO  no build target found for C:\Users\Acer\Desktop\ScLS06\1.scala. Using presentation compiler with project's scala-library version: 3.3.3
2024.07.29 00:25:06 WARN  no build target for: C:\Users\Acer\Desktop\ScLS06\1.scala
2024.07.29 00:25:06 INFO  no build target found for C:\Users\Acer\Desktop\ScLS06\1.scala. Using presentation compiler with project's scala-library version: 3.3.3
2024.07.29 00:25:06 INFO  no build target found for C:\Users\Acer\Desktop\ScLS06\1.scala. Using presentation compiler with project's scala-library version: 3.3.3
2024.07.29 00:52:14 INFO  no build target found for C:\Users\Acer\Desktop\ScLS06\1.scala. Using presentation compiler with project's scala-library version: 3.3.3
2024.07.29 00:52:17 INFO  no build target found for C:\Users\Acer\Desktop\ScLS06\1.scala. Using presentation compiler with project's scala-library version: 3.3.3
2024.07.29 00:52:57 INFO  no build target found for C:\Users\Acer\Desktop\ScLS06\1.scala. Using presentation compiler with project's scala-library version: 3.3.3
2024.07.29 00:52:57 INFO  no build target found for C:\Users\Acer\Desktop\ScLS06\1.scala. Using presentation compiler with project's scala-library version: 3.3.3
2024.07.29 00:52:58 INFO  no build target found for C:\Users\Acer\Desktop\ScLS06\1.scala. Using presentation compiler with project's scala-library version: 3.3.3
2024.07.29 00:53:14 INFO  no build target found for C:\Users\Acer\Desktop\ScLS06\1.scala. Using presentation compiler with project's scala-library version: 3.3.3
2024.07.29 00:53:14 INFO  no build target found for C:\Users\Acer\Desktop\ScLS06\1.scala. Using presentation compiler with project's scala-library version: 3.3.3
2024.07.29 00:53:18 INFO  no build target found for C:\Users\Acer\Desktop\ScLS06\1.scala. Using presentation compiler with project's scala-library version: 3.3.3
2024.07.29 00:53:18 INFO  no build target found for C:\Users\Acer\Desktop\ScLS06\1.scala. Using presentation compiler with project's scala-library version: 3.3.3
2024.07.29 00:53:19 INFO  no build target found for C:\Users\Acer\Desktop\ScLS06\1.scala. Using presentation compiler with project's scala-library version: 3.3.3
2024.07.29 00:53:19 INFO  no build target found for C:\Users\Acer\Desktop\ScLS06\1.scala. Using presentation compiler with project's scala-library version: 3.3.3
Jul 29, 2024 12:53:19 AM org.eclipse.lsp4j.jsonrpc.RemoteEndpoint handleCancellation
WARNING: Unmatched cancel notification for request id 140
2024.07.29 00:53:38 INFO  no build target found for C:\Users\Acer\Desktop\ScLS06\1.scala. Using presentation compiler with project's scala-library version: 3.3.3
2024.07.29 00:57:35 INFO  no build target found for C:\Users\Acer\Desktop\ScLS06\1.scala. Using presentation compiler with project's scala-library version: 3.3.3
2024.07.29 00:57:47 INFO  no build target found for C:\Users\Acer\Desktop\ScLS06\1.scala. Using presentation compiler with project's scala-library version: 3.3.3
2024.07.29 00:57:56 INFO  no build target found for C:\Users\Acer\Desktop\ScLS06\1.scala. Using presentation compiler with project's scala-library version: 3.3.3
2024.07.29 00:58:05 INFO  no build target found for C:\Users\Acer\Desktop\ScLS06\1.scala. Using presentation compiler with project's scala-library version: 3.3.3
2024.07.29 00:58:05 INFO  no build target found for C:\Users\Acer\Desktop\ScLS06\1.scala. Using presentation compiler with project's scala-library version: 3.3.3
2024.07.29 00:58:42 INFO  no build target found for C:\Users\Acer\Desktop\ScLS06\1.scala. Using presentation compiler with project's scala-library version: 3.3.3
2024.07.29 00:58:59 INFO  no build target found for C:\Users\Acer\Desktop\ScLS06\1.scala. Using presentation compiler with project's scala-library version: 3.3.3
2024.07.29 00:58:59 INFO  no build target found for C:\Users\Acer\Desktop\ScLS06\1.scala. Using presentation compiler with project's scala-library version: 3.3.3
2024.07.29 00:59:00 INFO  no build target found for C:\Users\Acer\Desktop\ScLS06\1.scala. Using presentation compiler with project's scala-library version: 3.3.3
2024.07.29 00:59:00 INFO  no build target found for C:\Users\Acer\Desktop\ScLS06\1.scala. Using presentation compiler with project's scala-library version: 3.3.3
2024.07.29 00:59:05 INFO  no build target found for C:\Users\Acer\Desktop\ScLS06\1.scala. Using presentation compiler with project's scala-library version: 3.3.3
2024.07.29 00:59:48 INFO  no build target found for C:\Users\Acer\Desktop\ScLS06\1.scala. Using presentation compiler with project's scala-library version: 3.3.3
2024.07.29 00:59:48 INFO  no build target found for C:\Users\Acer\Desktop\ScLS06\1.scala. Using presentation compiler with project's scala-library version: 3.3.3
2024.07.29 00:59:48 INFO  no build target found for C:\Users\Acer\Desktop\ScLS06\1.scala. Using presentation compiler with project's scala-library version: 3.3.3
2024.07.29 00:59:51 INFO  no build target found for C:\Users\Acer\Desktop\ScLS06\1.scala. Using presentation compiler with project's scala-library version: 3.3.3
2024.07.29 01:06:11 INFO  Shutting down server
2024.07.29 01:06:11 INFO  shutting down Metals
2024.07.29 01:06:11 INFO  Exiting server
2024.07.29 09:10:49 INFO  Started: Metals version 1.3.4 in folders 'C:\Users\Acer\Desktop\ScLS06' for client Visual Studio Code 1.91.1.
SLF4J(W): Class path contains multiple SLF4J providers.
SLF4J(W): Found provider [scribe.slf4j.ScribeServiceProvider@ddb380c]
SLF4J(W): Found provider [ch.qos.logback.classic.spi.LogbackServiceProvider@427b6103]
SLF4J(W): See https://www.slf4j.org/codes.html#multiple_bindings for an explanation.
SLF4J(I): Actual provider is of type [scribe.slf4j.ScribeServiceProvider@ddb380c]
2024.07.29 09:10:50 WARN  Flyway upgrade recommended: H2 2.3.230 is newer than this version of Flyway and support has not been tested. The latest supported version of H2 is 2.2.220.
2024.07.29 09:10:53 INFO  no build target found for C:\Users\Acer\Desktop\ScLS06\1.scala. Using presentation compiler with project's scala-library version: 3.3.3
2024.07.29 09:10:53 INFO  Attempting to connect to the build server...
2024.07.29 09:10:53 INFO  Running BSP server List(C:\Users\Acer\AppData\Local\Coursier\data\bin\.scala-cli.aux.exe, bsp, --json-options, C:\Users\Acer\Desktop\ScLS06\.scala-build\ide-options-v2.json, --json-launcher-options, C:\Users\Acer\Desktop\ScLS06\.scala-build\ide-launcher-options.json, --envs-file, C:\Users\Acer\Desktop\ScLS06\.scala-build\ide-envs.json, C:\Users\Acer\Desktop\ScLS06)
2024.07.29 09:10:53 INFO  tracing is disabled for protocol BSP, to enable tracing of incoming and outgoing JSON messages create an empty file at C:\Users\Acer\Desktop\ScLS06\.metals\bsp.trace.json or C:\Users\Acer\AppData\Local\scalameta\metals\cache\bsp.trace.json
2024.07.29 09:10:54 INFO  BSP server: Error: java.io.IOException: Cannot run program "C:\Program Files\Java\Java jdk 11\bin\java.exe" (in directory "C:\Users\Acer\Desktop\ScLS06"): CreateProcess error=2, The system cannot find the file specified
2024.07.29 09:10:54 INFO  BSP server: For more details, please see 'C:\Users\Acer\Desktop\ScLS06\.scala-build\stacktraces\1722224454-11280917967095373857.log'
2024.07.29 09:11:07 INFO  no build target found for C:\Users\Acer\Desktop\ScLS06\1.scala. Using presentation compiler with project's scala-library version: 3.3.3
2024.07.29 09:11:53 ERROR Timeout waiting for 'build/initialize' response
2024.07.29 09:11:53 WARN  Retrying connection to the build server scala-cli
2024.07.29 09:11:53 INFO  Running BSP server List(C:\Users\Acer\AppData\Local\Coursier\data\bin\.scala-cli.aux.exe, bsp, --json-options, C:\Users\Acer\Desktop\ScLS06\.scala-build\ide-options-v2.json, --json-launcher-options, C:\Users\Acer\Desktop\ScLS06\.scala-build\ide-launcher-options.json, --envs-file, C:\Users\Acer\Desktop\ScLS06\.scala-build\ide-envs.json, C:\Users\Acer\Desktop\ScLS06)
2024.07.29 09:11:54 INFO  tracing is disabled for protocol BSP, to enable tracing of incoming and outgoing JSON messages create an empty file at C:\Users\Acer\Desktop\ScLS06\.metals\bsp.trace.json or C:\Users\Acer\AppData\Local\scalameta\metals\cache\bsp.trace.json
2024.07.29 09:11:54 INFO  BSP server: Error: java.io.IOException: Cannot run program "C:\Program Files\Java\Java jdk 11\bin\java.exe" (in directory "C:\Users\Acer\Desktop\ScLS06"): CreateProcess error=2, The system cannot find the file specified
2024.07.29 09:11:54 INFO  BSP server: For more details, please see 'C:\Users\Acer\Desktop\ScLS06\.scala-build\stacktraces\1722224514-7788858403401232179.log'
2024.07.29 09:12:54 ERROR Timeout waiting for 'build/initialize' response
2024.07.29 09:12:54 WARN  Retrying connection to the build server scala-cli
2024.07.29 09:12:54 INFO  Running BSP server List(C:\Users\Acer\AppData\Local\Coursier\data\bin\.scala-cli.aux.exe, bsp, --json-options, C:\Users\Acer\Desktop\ScLS06\.scala-build\ide-options-v2.json, --json-launcher-options, C:\Users\Acer\Desktop\ScLS06\.scala-build\ide-launcher-options.json, --envs-file, C:\Users\Acer\Desktop\ScLS06\.scala-build\ide-envs.json, C:\Users\Acer\Desktop\ScLS06)
2024.07.29 09:12:54 INFO  tracing is disabled for protocol BSP, to enable tracing of incoming and outgoing JSON messages create an empty file at C:\Users\Acer\Desktop\ScLS06\.metals\bsp.trace.json or C:\Users\Acer\AppData\Local\scalameta\metals\cache\bsp.trace.json
2024.07.29 09:12:55 INFO  BSP server: Error: java.io.IOException: Cannot run program "C:\Program Files\Java\Java jdk 11\bin\java.exe" (in directory "C:\Users\Acer\Desktop\ScLS06"): CreateProcess error=2, The system cannot find the file specified
2024.07.29 09:12:55 INFO  BSP server: For more details, please see 'C:\Users\Acer\Desktop\ScLS06\.scala-build\stacktraces\1722224574-1397289738591197190.log'
2024.07.29 09:13:11 INFO  no build target found for C:\Users\Acer\Desktop\ScLS06\1.scala. Using presentation compiler with project's scala-library version: 3.3.3
2024.07.29 09:13:14 INFO  no build target found for C:\Users\Acer\Desktop\ScLS06\1.scala. Using presentation compiler with project's scala-library version: 3.3.3
2024.07.29 09:13:32 INFO  no build target found for C:\Users\Acer\Desktop\ScLS06\1.scala. Using presentation compiler with project's scala-library version: 3.3.3
2024.07.29 09:13:34 INFO  no build target found for C:\Users\Acer\Desktop\ScLS06\1.scala. Using presentation compiler with project's scala-library version: 3.3.3
2024.07.29 09:13:35 INFO  no build target found for C:\Users\Acer\Desktop\ScLS06\1.scala. Using presentation compiler with project's scala-library version: 3.3.3
2024.07.29 09:13:54 ERROR Timeout waiting for 'build/initialize' response
2024.07.29 09:13:54 WARN  Retrying connection to the build server scala-cli
2024.07.29 09:13:54 INFO  Running BSP server List(C:\Users\Acer\AppData\Local\Coursier\data\bin\.scala-cli.aux.exe, bsp, --json-options, C:\Users\Acer\Desktop\ScLS06\.scala-build\ide-options-v2.json, --json-launcher-options, C:\Users\Acer\Desktop\ScLS06\.scala-build\ide-launcher-options.json, --envs-file, C:\Users\Acer\Desktop\ScLS06\.scala-build\ide-envs.json, C:\Users\Acer\Desktop\ScLS06)
2024.07.29 09:13:54 INFO  tracing is disabled for protocol BSP, to enable tracing of incoming and outgoing JSON messages create an empty file at C:\Users\Acer\Desktop\ScLS06\.metals\bsp.trace.json or C:\Users\Acer\AppData\Local\scalameta\metals\cache\bsp.trace.json
2024.07.29 09:13:54 INFO  BSP server: Error: java.io.IOException: Cannot run program "C:\Program Files\Java\Java jdk 11\bin\java.exe" (in directory "C:\Users\Acer\Desktop\ScLS06"): CreateProcess error=2, The system cannot find the file specified
2024.07.29 09:13:54 INFO  BSP server: For more details, please see 'C:\Users\Acer\Desktop\ScLS06\.scala-build\stacktraces\1722224634-8822159503044109522.log'
2024.07.29 09:14:54 ERROR Timeout waiting for 'build/initialize' response
2024.07.29 09:14:54 WARN  Retrying connection to the build server scala-cli
2024.07.29 09:14:54 INFO  Running BSP server List(C:\Users\Acer\AppData\Local\Coursier\data\bin\.scala-cli.aux.exe, bsp, --json-options, C:\Users\Acer\Desktop\ScLS06\.scala-build\ide-options-v2.json, --json-launcher-options, C:\Users\Acer\Desktop\ScLS06\.scala-build\ide-launcher-options.json, --envs-file, C:\Users\Acer\Desktop\ScLS06\.scala-build\ide-envs.json, C:\Users\Acer\Desktop\ScLS06)
2024.07.29 09:14:54 INFO  tracing is disabled for protocol BSP, to enable tracing of incoming and outgoing JSON messages create an empty file at C:\Users\Acer\Desktop\ScLS06\.metals\bsp.trace.json or C:\Users\Acer\AppData\Local\scalameta\metals\cache\bsp.trace.json
2024.07.29 09:14:54 INFO  BSP server: Error: java.io.IOException: Cannot run program "C:\Program Files\Java\Java jdk 11\bin\java.exe" (in directory "C:\Users\Acer\Desktop\ScLS06"): CreateProcess error=2, The system cannot find the file specified
2024.07.29 09:14:54 INFO  BSP server: For more details, please see 'C:\Users\Acer\Desktop\ScLS06\.scala-build\stacktraces\1722224694-6669130648827679641.log'
2024.07.29 09:15:54 ERROR Timeout waiting for 'build/initialize' response
2024.07.29 09:15:54 WARN  Retrying connection to the build server scala-cli
2024.07.29 09:15:54 INFO  Running BSP server List(C:\Users\Acer\AppData\Local\Coursier\data\bin\.scala-cli.aux.exe, bsp, --json-options, C:\Users\Acer\Desktop\ScLS06\.scala-build\ide-options-v2.json, --json-launcher-options, C:\Users\Acer\Desktop\ScLS06\.scala-build\ide-launcher-options.json, --envs-file, C:\Users\Acer\Desktop\ScLS06\.scala-build\ide-envs.json, C:\Users\Acer\Desktop\ScLS06)
2024.07.29 09:15:54 INFO  tracing is disabled for protocol BSP, to enable tracing of incoming and outgoing JSON messages create an empty file at C:\Users\Acer\Desktop\ScLS06\.metals\bsp.trace.json or C:\Users\Acer\AppData\Local\scalameta\metals\cache\bsp.trace.json
2024.07.29 09:15:55 INFO  BSP server: Error: java.io.IOException: Cannot run program "C:\Program Files\Java\Java jdk 11\bin\java.exe" (in directory "C:\Users\Acer\Desktop\ScLS06"): CreateProcess error=2, The system cannot find the file specified
2024.07.29 09:15:55 INFO  BSP server: For more details, please see 'C:\Users\Acer\Desktop\ScLS06\.scala-build\stacktraces\1722224754-6922908496911861047.log'
2024.07.29 09:16:27 INFO  no build target found for C:\Users\Acer\Desktop\ScLS06\1.scala. Using presentation compiler with project's scala-library version: 3.3.3
2024.07.29 09:16:29 INFO  no build target found for C:\Users\Acer\Desktop\ScLS06\1.scala. Using presentation compiler with project's scala-library version: 3.3.3
2024.07.29 09:16:30 INFO  no build target found for C:\Users\Acer\Desktop\ScLS06\1.scala. Using presentation compiler with project's scala-library version: 3.3.3
2024.07.29 09:16:30 INFO  no build target found for C:\Users\Acer\Desktop\ScLS06\1.scala. Using presentation compiler with project's scala-library version: 3.3.3
2024.07.29 09:16:54 ERROR Timeout waiting for 'build/initialize' response
2024.07.29 09:16:54 ERROR Failed to connect with build server, no functionality will work.
java.util.concurrent.TimeoutException
	at java.util.concurrent.CompletableFuture.timedGet(CompletableFuture.java:1960)
	at java.util.concurrent.CompletableFuture.get(CompletableFuture.java:2095)
	at scala.meta.internal.metals.BuildServerConnection$.initialize(BuildServerConnection.scala:739)
	at scala.meta.internal.metals.BuildServerConnection$.$anonfun$fromSockets$1(BuildServerConnection.scala:615)
	at scala.concurrent.impl.Promise$Transformation.run(Promise.scala:467)
	at java.util.concurrent.ThreadPoolExecutor.runWorker(ThreadPoolExecutor.java:1136)
	at java.util.concurrent.ThreadPoolExecutor$Worker.run(ThreadPoolExecutor.java:635)
	at java.lang.Thread.run(Thread.java:833)

2024.07.29 09:16:54 INFO  no build target found for C:\Users\Acer\Desktop\ScLS06\1.scala. Using presentation compiler with project's scala-library version: 3.3.3
2024.07.29 09:16:55 INFO  time: code lens generation in 1.06s
2024.07.29 09:16:55 INFO  time: code lens generation in 1.06s
2024.07.29 09:16:55 INFO  time: code lens generation in 1.06s
2024.07.29 09:17:11 INFO  no build target found for C:\Users\Acer\Desktop\ScLS06\1.scala. Using presentation compiler with project's scala-library version: 3.3.3
2024.07.29 09:17:18 INFO  no build target found for C:\Users\Acer\Desktop\ScLS06\1.scala. Using presentation compiler with project's scala-library version: 3.3.3
2024.07.29 09:17:19 INFO  no build target found for C:\Users\Acer\Desktop\ScLS06\1.scala. Using presentation compiler with project's scala-library version: 3.3.3
2024.07.29 09:17:23 INFO  no build target found for C:\Users\Acer\Desktop\ScLS06\1.scala. Using presentation compiler with project's scala-library version: 3.3.3
2024.07.29 09:17:23 INFO  no build target found for C:\Users\Acer\Desktop\ScLS06\1.scala. Using presentation compiler with project's scala-library version: 3.3.3
2024.07.29 09:17:24 INFO  no build target found for C:\Users\Acer\Desktop\ScLS06\1.scala. Using presentation compiler with project's scala-library version: 3.3.3
2024.07.29 09:17:27 INFO  no build target found for C:\Users\Acer\Desktop\ScLS06\1.scala. Using presentation compiler with project's scala-library version: 3.3.3
2024.07.29 09:18:35 INFO  no build target found for C:\Users\Acer\Desktop\ScLS06\1.scala. Using presentation compiler with project's scala-library version: 3.3.3
2024.07.29 09:18:37 INFO  no build target found for C:\Users\Acer\Desktop\ScLS06\1.scala. Using presentation compiler with project's scala-library version: 3.3.3
2024.07.29 09:18:37 INFO  no build target found for C:\Users\Acer\Desktop\ScLS06\1.scala. Using presentation compiler with project's scala-library version: 3.3.3
2024.07.29 09:18:37 INFO  no build target found for C:\Users\Acer\Desktop\ScLS06\1.scala. Using presentation compiler with project's scala-library version: 3.3.3
2024.07.29 09:18:38 INFO  no build target found for C:\Users\Acer\Desktop\ScLS06\1.scala. Using presentation compiler with project's scala-library version: 3.3.3
2024.07.29 09:18:38 INFO  no build target found for C:\Users\Acer\Desktop\ScLS06\1.scala. Using presentation compiler with project's scala-library version: 3.3.3
2024.07.29 09:18:38 INFO  no build target found for C:\Users\Acer\Desktop\ScLS06\1.scala. Using presentation compiler with project's scala-library version: 3.3.3
2024.07.29 09:18:38 INFO  no build target found for C:\Users\Acer\Desktop\ScLS06\1.scala. Using presentation compiler with project's scala-library version: 3.3.3
2024.07.29 09:27:11 INFO  no build target found for C:\Users\Acer\Desktop\ScLS06\1.scala. Using presentation compiler with project's scala-library version: 3.3.3
2024.07.29 09:27:11 INFO  no build target found for C:\Users\Acer\Desktop\ScLS06\1.scala. Using presentation compiler with project's scala-library version: 3.3.3
2024.07.29 09:27:19 INFO  no build target found for C:\Users\Acer\Desktop\ScLS06\1.scala. Using presentation compiler with project's scala-library version: 3.3.3
2024.07.29 09:27:20 INFO  no build target found for C:\Users\Acer\Desktop\ScLS06\1.scala. Using presentation compiler with project's scala-library version: 3.3.3
2024.07.29 09:27:21 INFO  no build target found for C:\Users\Acer\Desktop\ScLS06\1.scala. Using presentation compiler with project's scala-library version: 3.3.3
2024.07.29 09:29:23 INFO  no build target found for C:\Users\Acer\Desktop\ScLS06\1.scala. Using presentation compiler with project's scala-library version: 3.3.3
2024.07.29 09:29:25 INFO  no build target found for C:\Users\Acer\Desktop\ScLS06\1.scala. Using presentation compiler with project's scala-library version: 3.3.3
2024.07.29 09:29:25 INFO  no build target found for C:\Users\Acer\Desktop\ScLS06\1.scala. Using presentation compiler with project's scala-library version: 3.3.3
2024.07.29 09:29:26 WARN  no build target for: C:\Users\Acer\Desktop\ScLS06\1.scala
2024.07.29 09:29:26 INFO  no build target found for C:\Users\Acer\Desktop\ScLS06\1.scala. Using presentation compiler with project's scala-library version: 3.3.3
2024.07.29 09:29:26 INFO  no build target found for C:\Users\Acer\Desktop\ScLS06\1.scala. Using presentation compiler with project's scala-library version: 3.3.3
2024.07.29 09:29:43 INFO  no build target found for C:\Users\Acer\Desktop\ScLS06\1.scala. Using presentation compiler with project's scala-library version: 3.3.3
2024.07.29 09:29:43 INFO  no build target found for C:\Users\Acer\Desktop\ScLS06\1.scala. Using presentation compiler with project's scala-library version: 3.3.3
2024.07.29 09:29:43 INFO  no build target found for C:\Users\Acer\Desktop\ScLS06\1.scala. Using presentation compiler with project's scala-library version: 3.3.3
2024.07.29 09:33:34 INFO  no build target found for C:\Users\Acer\Desktop\ScLS06\1.scala. Using presentation compiler with project's scala-library version: 3.3.3
2024.07.29 09:33:36 INFO  no build target found for C:\Users\Acer\Desktop\ScLS06\1.scala. Using presentation compiler with project's scala-library version: 3.3.3
2024.07.29 09:33:36 INFO  no build target found for C:\Users\Acer\Desktop\ScLS06\1.scala. Using presentation compiler with project's scala-library version: 3.3.3
2024.07.29 09:41:52 INFO  no build target found for C:\Users\Acer\Desktop\ScLS06\1.scala. Using presentation compiler with project's scala-library version: 3.3.3
2024.07.29 09:41:56 INFO  no build target found for C:\Users\Acer\Desktop\ScLS06\1.scala. Using presentation compiler with project's scala-library version: 3.3.3
2024.07.29 09:41:56 INFO  no build target found for C:\Users\Acer\Desktop\ScLS06\1.scala. Using presentation compiler with project's scala-library version: 3.3.3
2024.07.29 09:48:02 INFO  no build target found for C:\Users\Acer\Desktop\ScLS06\1.scala. Using presentation compiler with project's scala-library version: 3.3.3
2024.07.29 09:48:02 INFO  no build target found for C:\Users\Acer\Desktop\ScLS06\1.scala. Using presentation compiler with project's scala-library version: 3.3.3
2024.07.29 09:48:03 INFO  no build target found for C:\Users\Acer\Desktop\ScLS06\1.scala. Using presentation compiler with project's scala-library version: 3.3.3
2024.07.29 09:48:03 INFO  no build target found for C:\Users\Acer\Desktop\ScLS06\1.scala. Using presentation compiler with project's scala-library version: 3.3.3
2024.07.29 09:48:03 INFO  no build target found for C:\Users\Acer\Desktop\ScLS06\1.scala. Using presentation compiler with project's scala-library version: 3.3.3
2024.07.29 09:48:03 INFO  no build target found for C:\Users\Acer\Desktop\ScLS06\1.scala. Using presentation compiler with project's scala-library version: 3.3.3
2024.07.29 09:48:04 INFO  no build target found for C:\Users\Acer\Desktop\ScLS06\1.scala. Using presentation compiler with project's scala-library version: 3.3.3
2024.07.29 09:48:07 INFO  no build target found for C:\Users\Acer\Desktop\ScLS06\1.scala. Using presentation compiler with project's scala-library version: 3.3.3
2024.07.29 09:48:07 INFO  no build target found for C:\Users\Acer\Desktop\ScLS06\1.scala. Using presentation compiler with project's scala-library version: 3.3.3
2024.07.29 09:48:07 INFO  no build target found for C:\Users\Acer\Desktop\ScLS06\1.scala. Using presentation compiler with project's scala-library version: 3.3.3
2024.07.29 09:50:01 INFO  no build target found for C:\Users\Acer\Desktop\ScLS06\1.scala. Using presentation compiler with project's scala-library version: 3.3.3
2024.07.29 09:50:45 INFO  no build target found for C:\Users\Acer\Desktop\ScLS06\1.scala. Using presentation compiler with project's scala-library version: 3.3.3
2024.07.29 09:51:09 INFO  no build target found for C:\Users\Acer\Desktop\ScLS06\1.scala. Using presentation compiler with project's scala-library version: 3.3.3
2024.07.29 09:51:20 INFO  no build target found for C:\Users\Acer\Desktop\ScLS06\2.scala. Using presentation compiler with project's scala-library version: 3.3.3
2024.07.29 09:51:22 INFO  no build target found for C:\Users\Acer\Desktop\ScLS06\2.scala. Using presentation compiler with project's scala-library version: 3.3.3
2024.07.29 09:51:22 WARN  Could not find semantic tokens for: file:///C:/Users/Acer/Desktop/ScLS06/2.scala
2024.07.29 09:59:01 INFO  no build target found for C:\Users\Acer\Desktop\ScLS06\2.scala. Using presentation compiler with project's scala-library version: 3.3.3
2024.07.29 09:59:01 INFO  no build target found for C:\Users\Acer\Desktop\ScLS06\2.scala. Using presentation compiler with project's scala-library version: 3.3.3
2024.07.29 09:59:02 WARN  no build target for: C:\Users\Acer\Desktop\ScLS06\2.scala
2024.07.29 09:59:02 INFO  no build target found for C:\Users\Acer\Desktop\ScLS06\2.scala. Using presentation compiler with project's scala-library version: 3.3.3
2024.07.29 09:59:01 INFO  no build target found for C:\Users\Acer\Desktop\ScLS06\2.scala. Using presentation compiler with project's scala-library version: 3.3.3
2024.07.29 09:59:22 INFO  no build target found for C:\Users\Acer\Desktop\ScLS06\1.scala. Using presentation compiler with project's scala-library version: 3.3.3
2024.07.29 10:01:04 INFO  no build target found for C:\Users\Acer\Desktop\ScLS06\2.scala. Using presentation compiler with project's scala-library version: 3.3.3
2024.07.29 10:21:09 INFO  no build target found for C:\Users\Acer\Desktop\ScLS06\2.scala. Using presentation compiler with project's scala-library version: 3.3.3
2024.07.29 10:21:22 INFO  no build target found for C:\Users\Acer\Desktop\ScLS06\2.scala. Using presentation compiler with project's scala-library version: 3.3.3
2024.07.29 10:21:22 INFO  no build target found for C:\Users\Acer\Desktop\ScLS06\2.scala. Using presentation compiler with project's scala-library version: 3.3.3
2024.07.29 10:28:49 INFO  no build target found for C:\Users\Acer\Desktop\ScLS06\2.scala. Using presentation compiler with project's scala-library version: 3.3.3
2024.07.29 10:28:50 INFO  no build target found for C:\Users\Acer\Desktop\ScLS06\2.scala. Using presentation compiler with project's scala-library version: 3.3.3
2024.07.29 10:34:18 INFO  no build target found for C:\Users\Acer\Desktop\ScLS06\2.scala. Using presentation compiler with project's scala-library version: 3.3.3
2024.07.29 10:34:48 INFO  no build target found for C:\Users\Acer\Desktop\ScLS06\2.scala. Using presentation compiler with project's scala-library version: 3.3.3
2024.07.29 10:37:12 INFO  no build target found for C:\Users\Acer\Desktop\ScLS06\2.scala. Using presentation compiler with project's scala-library version: 3.3.3
2024.07.29 10:37:30 INFO  no build target found for C:\Users\Acer\Desktop\ScLS06\2.scala. Using presentation compiler with project's scala-library version: 3.3.3
2024.07.29 10:37:30 INFO  no build target found for C:\Users\Acer\Desktop\ScLS06\2.scala. Using presentation compiler with project's scala-library version: 3.3.3
2024.07.29 10:37:45 INFO  no build target found for C:\Users\Acer\Desktop\ScLS06\2.scala. Using presentation compiler with project's scala-library version: 3.3.3
2024.07.29 10:38:24 INFO  no build target found for C:\Users\Acer\Desktop\ScLS06\2.scala. Using presentation compiler with project's scala-library version: 3.3.3
2024.07.29 10:39:54 INFO  no build target found for C:\Users\Acer\Desktop\ScLS06\2.scala. Using presentation compiler with project's scala-library version: 3.3.3
2024.07.29 10:40:12 INFO  no build target found for C:\Users\Acer\Desktop\ScLS06\2.scala. Using presentation compiler with project's scala-library version: 3.3.3
2024.07.29 10:40:12 INFO  no build target found for C:\Users\Acer\Desktop\ScLS06\2.scala. Using presentation compiler with project's scala-library version: 3.3.3
2024.07.29 10:40:14 INFO  no build target found for C:\Users\Acer\Desktop\ScLS06\2.scala. Using presentation compiler with project's scala-library version: 3.3.3
2024.07.29 10:40:15 INFO  no build target found for C:\Users\Acer\Desktop\ScLS06\2.scala. Using presentation compiler with project's scala-library version: 3.3.3
2024.07.29 10:40:15 INFO  no build target found for C:\Users\Acer\Desktop\ScLS06\2.scala. Using presentation compiler with project's scala-library version: 3.3.3
2024.07.29 10:40:39 INFO  no build target found for C:\Users\Acer\Desktop\ScLS06\2.scala. Using presentation compiler with project's scala-library version: 3.3.3
2024.07.29 10:40:53 INFO  no build target found for C:\Users\Acer\Desktop\ScLS06\2.scala. Using presentation compiler with project's scala-library version: 3.3.3
2024.07.29 10:41:05 INFO  no build target found for C:\Users\Acer\Desktop\ScLS06\2.scala. Using presentation compiler with project's scala-library version: 3.3.3
2024.07.29 10:41:18 INFO  no build target found for C:\Users\Acer\Desktop\ScLS06\2.scala. Using presentation compiler with project's scala-library version: 3.3.3
2024.07.29 10:42:29 INFO  no build target found for C:\Users\Acer\Desktop\ScLS06\2.scala. Using presentation compiler with project's scala-library version: 3.3.3
2024.07.29 10:43:17 INFO  no build target found for C:\Users\Acer\Desktop\ScLS06\2.scala. Using presentation compiler with project's scala-library version: 3.3.3
2024.07.29 10:44:29 INFO  no build target found for C:\Users\Acer\Desktop\ScLS06\2.scala. Using presentation compiler with project's scala-library version: 3.3.3
2024.07.29 10:44:44 INFO  no build target found for C:\Users\Acer\Desktop\ScLS06\2.scala. Using presentation compiler with project's scala-library version: 3.3.3
2024.07.29 10:44:45 INFO  no build target found for C:\Users\Acer\Desktop\ScLS06\2.scala. Using presentation compiler with project's scala-library version: 3.3.3
2024.07.29 10:44:46 INFO  no build target found for C:\Users\Acer\Desktop\ScLS06\2.scala. Using presentation compiler with project's scala-library version: 3.3.3
2024.07.29 10:44:46 INFO  no build target found for C:\Users\Acer\Desktop\ScLS06\2.scala. Using presentation compiler with project's scala-library version: 3.3.3
2024.07.29 10:44:48 INFO  no build target found for C:\Users\Acer\Desktop\ScLS06\2.scala. Using presentation compiler with project's scala-library version: 3.3.3
2024.07.29 10:44:49 INFO  no build target found for C:\Users\Acer\Desktop\ScLS06\2.scala. Using presentation compiler with project's scala-library version: 3.3.3
2024.07.29 10:44:56 INFO  no build target found for C:\Users\Acer\Desktop\ScLS06\2.scala. Using presentation compiler with project's scala-library version: 3.3.3
2024.07.29 10:45:44 INFO  no build target found for C:\Users\Acer\Desktop\ScLS06\2.scala. Using presentation compiler with project's scala-library version: 3.3.3
2024.07.29 10:45:51 INFO  no build target found for C:\Users\Acer\Desktop\ScLS06\2.scala. Using presentation compiler with project's scala-library version: 3.3.3
2024.07.29 10:45:59 INFO  no build target found for C:\Users\Acer\Desktop\ScLS06\2.scala. Using presentation compiler with project's scala-library version: 3.3.3
2024.07.29 10:46:25 INFO  no build target found for C:\Users\Acer\Desktop\ScLS06\2.scala. Using presentation compiler with project's scala-library version: 3.3.3
2024.07.29 10:47:26 INFO  no build target found for C:\Users\Acer\Desktop\ScLS06\2.scala. Using presentation compiler with project's scala-library version: 3.3.3
2024.07.29 10:47:48 INFO  no build target found for C:\Users\Acer\Desktop\ScLS06\2.scala. Using presentation compiler with project's scala-library version: 3.3.3
2024.07.29 10:50:58 INFO  no build target found for C:\Users\Acer\Desktop\ScLS06\2.scala. Using presentation compiler with project's scala-library version: 3.3.3
2024.07.29 15:21:54 INFO  no build target found for C:\Users\Acer\Desktop\ScLS06\1.scala. Using presentation compiler with project's scala-library version: 3.3.3
2024.07.29 15:22:22 INFO  no build target found for C:\Users\Acer\Desktop\ScLS06\1.scala. Using presentation compiler with project's scala-library version: 3.3.3
2024.07.29 15:22:25 INFO  no build target found for C:\Users\Acer\Desktop\ScLS06\1.scala. Using presentation compiler with project's scala-library version: 3.3.3
2024.07.29 15:22:26 INFO  no build target found for C:\Users\Acer\Desktop\ScLS06\2.scala. Using presentation compiler with project's scala-library version: 3.3.3
2024.07.29 15:22:39 INFO  no build target found for C:\Users\Acer\Desktop\ScLS06\2.scala. Using presentation compiler with project's scala-library version: 3.3.3
2024.07.29 15:22:41 INFO  no build target found for C:\Users\Acer\Desktop\ScLS06\2.scala. Using presentation compiler with project's scala-library version: 3.3.3
2024.07.29 15:22:58 INFO  no build target found for C:\Users\Acer\Desktop\ScLS06\2.scala. Using presentation compiler with project's scala-library version: 3.3.3
2024.07.29 15:22:58 INFO  no build target found for C:\Users\Acer\Desktop\ScLS06\2.scala. Using presentation compiler with project's scala-library version: 3.3.3
2024.07.29 15:23:11 INFO  no build target found for C:\Users\Acer\Desktop\ScLS06\2.scala. Using presentation compiler with project's scala-library version: 3.3.3
2024.07.29 15:23:11 INFO  no build target found for C:\Users\Acer\Desktop\ScLS06\2.scala. Using presentation compiler with project's scala-library version: 3.3.3
2024.07.29 15:23:12 INFO  no build target found for C:\Users\Acer\Desktop\ScLS06\2.scala. Using presentation compiler with project's scala-library version: 3.3.3
2024.07.29 15:23:12 INFO  no build target found for C:\Users\Acer\Desktop\ScLS06\2.scala. Using presentation compiler with project's scala-library version: 3.3.3
2024.07.29 15:23:12 INFO  no build target found for C:\Users\Acer\Desktop\ScLS06\2.scala. Using presentation compiler with project's scala-library version: 3.3.3
2024.07.29 15:23:16 INFO  no build target found for C:\Users\Acer\Desktop\ScLS06\2.scala. Using presentation compiler with project's scala-library version: 3.3.3
2024.07.29 15:23:31 INFO  no build target found for C:\Users\Acer\Desktop\ScLS06\2.scala. Using presentation compiler with project's scala-library version: 3.3.3
2024.07.29 15:23:31 INFO  no build target found for C:\Users\Acer\Desktop\ScLS06\2.scala. Using presentation compiler with project's scala-library version: 3.3.3
2024.07.29 15:23:31 INFO  no build target found for C:\Users\Acer\Desktop\ScLS06\2.scala. Using presentation compiler with project's scala-library version: 3.3.3
2024.07.29 15:23:31 INFO  no build target found for C:\Users\Acer\Desktop\ScLS06\2.scala. Using presentation compiler with project's scala-library version: 3.3.3
2024.07.29 15:23:52 INFO  no build target found for C:\Users\Acer\Desktop\ScLS06\2.scala. Using presentation compiler with project's scala-library version: 3.3.3
2024.07.29 15:23:58 INFO  no build target found for C:\Users\Acer\Desktop\ScLS06\2.scala. Using presentation compiler with project's scala-library version: 3.3.3
2024.07.29 15:24:01 INFO  no build target found for C:\Users\Acer\Desktop\ScLS06\2.scala. Using presentation compiler with project's scala-library version: 3.3.3
2024.07.29 15:25:16 INFO  no build target found for C:\Users\Acer\Desktop\ScLS06\2.scala. Using presentation compiler with project's scala-library version: 3.3.3
2024.07.29 17:03:04 INFO  Shutting down server
2024.07.29 17:03:04 INFO  shutting down Metals
2024.07.29 17:03:05 INFO  Exiting server
